<?xml version="1.0" encoding="utf-8"?>
<TestRun id="f44e295b-08dc-4238-9b36-155baf6600bf" name="@Caseys-MacBook-Air 2025-07-05 15:11:27" xmlns="http://microsoft.com/schemas/VisualStudio/TeamTest/2010">
  <Times creation="2025-07-05T15:11:27.7502590+08:00" queuing="2025-07-05T15:11:27.7502590+08:00" start="2025-07-05T15:11:27.6633940+08:00" finish="2025-07-05T15:11:27.7509330+08:00" />
  <TestSettings name="default" id="ded8fd41-2271-4ae5-8cdb-a3086372d7f5">
    <Deployment runDeploymentRoot="_Caseys-MacBook-Air_2025-07-05_15_11_27" />
  </TestSettings>
  <TestLists>
    <TestList name="Results Not in a List" id="8c84fa94-04c1-424b-9868-57a2d4851a1d" />
    <TestList name="All Loaded Results" id="19431567-8539-422a-85d7-44ee4e166bda" />
  </TestLists>
  <ResultSummary outcome="Failed">
    <Counters total="0" executed="0" passed="0" failed="0" error="0" timeout="0" aborted="0" inconclusive="0" passedButRunAborted="0" notRunnable="0" notExecuted="0" disconnected="0" warning="0" completed="0" inProgress="0" pending="0" />
    <Output>
      <StdOut>You must install or update .NET to run this application.
App: /Users/caseymould/Documents/repos/CORIS/tests/CORIS.Tests/bin/Debug/net8.0/testhost.dll
Architecture: arm64
Framework: 'Microsoft.NETCore.App', version '8.0.0' (arm64)
.NET location: /usr/local/share/dotnet/
The following frameworks were found:
  9.0.6 at [/usr/local/share/dotnet/shared/Microsoft.NETCore.App]
Learn more:
https://aka.ms/dotnet/app-launch-failed
To install missing framework, download:
https://aka.ms/dotnet-core-applaunch?framework=Microsoft.NETCore.App&amp;framework_version=8.0.0&amp;arch=arm64&amp;rid=osx-arm64&amp;os=osx.16
</StdOut>
    </Output>
    <RunInfos>
      <RunInfo computerName="Caseys-MacBook-Air" outcome="Error" timestamp="2025-07-05T15:11:27.7277810+08:00">
        <Text>Testhost process for source(s) '/Users/caseymould/Documents/repos/CORIS/tests/CORIS.Tests/bin/Debug/net8.0/CORIS.Tests.dll' exited with error: You must install or update .NET to run this application.
App: /Users/caseymould/Documents/repos/CORIS/tests/CORIS.Tests/bin/Debug/net8.0/testhost.dll
Architecture: arm64
Framework: 'Microsoft.NETCore.App', version '8.0.0' (arm64)
.NET location: /usr/local/share/dotnet/
The following frameworks were found:
  9.0.6 at [/usr/local/share/dotnet/shared/Microsoft.NETCore.App]
Learn more:
https://aka.ms/dotnet/app-launch-failed
To install missing framework, download:
https://aka.ms/dotnet-core-applaunch?framework=Microsoft.NETCore.App&amp;framework_version=8.0.0&amp;arch=arm64&amp;rid=osx-arm64&amp;os=osx.16
. Please check the diagnostic logs for more information.</Text>
      </RunInfo>
    </RunInfos>
  </ResultSummary>
</TestRun>